<domain type='xen'>
  <name>XenGuest1</name>
  <uuid>c7a5fdb0-cdaf-9455-926a-d65c16db1809</uuid>
  <memory>592896</memory>
  <currentMemory>403456</currentMemory>
  <vcpu>1</vcpu>
  <bootloader>/usr/bin/pygrub</bootloader>
  <os>
    <type arch='i686' machine='xenpv'>linux</type>
  </os>
  <clock offset='utc'/>
  <on_poweroff>destroy</on_poweroff>
  <on_reboot>restart</on_reboot>
  <on_crash>restart</on_crash>
  <devices>
    <disk type='block' device='disk'>
      <driver name='phy'/>
      <source dev='/dev/HostVG/XenGuest1'/>
      <target dev='xvda' bus='xen'/>
    </disk>
    <interface type='bridge'>
      <mac address='00:16:3e:66:94:9c'/>
      <source bridge='br0'/>
      <script path='vif-bridge'/>
      <target dev='net0'/>
      <model type='e1000'/>
    </interface>
    <console type='pty'>
      <target type='xen' port='0'/>
    </console>
    <input type='mouse' bus='xen'/>
    <graphics type='vnc' port='-1' autoport='yes' listen='127.0.0.1' passwd='123poi'/>
  </devices>
</domain>
